<?xml version="1.0" encoding="UTF-8"?>
<testsuite xmlns:xsi="http://www.w3.org/2001/XMLSchema-instance" xsi:noNamespaceSchemaLocation="https://maven.apache.org/surefire/maven-surefire-plugin/xsd/surefire-test-report.xsd" name="com.chuxiao.web_facial.WebFacialApplicationTests" time="53.59" tests="1" errors="0" skipped="0" failures="0">
  <properties>
    <property name="sun.desktop" value="windows"/>
    <property name="awt.toolkit" value="sun.awt.windows.WToolkit"/>
    <property name="file.encoding.pkg" value="sun.io"/>
    <property name="java.specification.version" value="1.8"/>
    <property name="sun.cpu.isalist" value="amd64"/>
    <property name="sun.jnu.encoding" value="GBK"/>
    <property name="java.class.path" value="G:\Java\web_facial\target\test-classes;G:\Java\web_facial\target\classes;G:\MavenCx\MavenRepository\com\alibaba\fastjson\1.2.35\fastjson-1.2.35.jar;G:\MavenCx\MavenRepository\org\springframework\boot\spring-boot-starter-data-jpa\2.0.0.RELEASE\spring-boot-starter-data-jpa-2.0.0.RELEASE.jar;G:\MavenCx\MavenRepository\org\springframework\boot\spring-boot-starter\2.0.0.RELEASE\spring-boot-starter-2.0.0.RELEASE.jar;G:\MavenCx\MavenRepository\org\springframework\boot\spring-boot\2.0.0.RELEASE\spring-boot-2.0.0.RELEASE.jar;G:\MavenCx\MavenRepository\org\springframework\boot\spring-boot-autoconfigure\2.0.0.RELEASE\spring-boot-autoconfigure-2.0.0.RELEASE.jar;G:\MavenCx\MavenRepository\org\springframework\boot\spring-boot-starter-logging\2.0.0.RELEASE\spring-boot-starter-logging-2.0.0.RELEASE.jar;G:\MavenCx\MavenRepository\ch\qos\logback\logback-classic\1.2.3\logback-classic-1.2.3.jar;G:\MavenCx\MavenRepository\ch\qos\logback\logback-core\1.2.3\logback-core-1.2.3.jar;G:\MavenCx\MavenRepository\org\apache\logging\log4j\log4j-to-slf4j\2.10.0\log4j-to-slf4j-2.10.0.jar;G:\MavenCx\MavenRepository\org\apache\logging\log4j\log4j-api\2.10.0\log4j-api-2.10.0.jar;G:\MavenCx\MavenRepository\org\slf4j\jul-to-slf4j\1.7.25\jul-to-slf4j-1.7.25.jar;G:\MavenCx\MavenRepository\javax\annotation\javax.annotation-api\1.3.2\javax.annotation-api-1.3.2.jar;G:\MavenCx\MavenRepository\org\yaml\snakeyaml\1.19\snakeyaml-1.19.jar;G:\MavenCx\MavenRepository\org\springframework\boot\spring-boot-starter-aop\2.0.0.RELEASE\spring-boot-starter-aop-2.0.0.RELEASE.jar;G:\MavenCx\MavenRepository\org\springframework\spring-aop\5.0.4.RELEASE\spring-aop-5.0.4.RELEASE.jar;G:\MavenCx\MavenRepository\org\aspectj\aspectjweaver\1.8.13\aspectjweaver-1.8.13.jar;G:\MavenCx\MavenRepository\org\springframework\boot\spring-boot-starter-jdbc\2.0.0.RELEASE\spring-boot-starter-jdbc-2.0.0.RELEASE.jar;G:\MavenCx\MavenRepository\com\zaxxer\HikariCP\2.7.8\HikariCP-2.7.8.jar;G:\MavenCx\MavenRepository\org\springframework\spring-jdbc\5.0.4.RELEASE\spring-jdbc-5.0.4.RELEASE.jar;G:\MavenCx\MavenRepository\org\hibernate\hibernate-core\5.2.14.Final\hibernate-core-5.2.14.Final.jar;G:\MavenCx\MavenRepository\org\jboss\logging\jboss-logging\3.3.2.Final\jboss-logging-3.3.2.Final.jar;G:\MavenCx\MavenRepository\org\hibernate\javax\persistence\hibernate-jpa-2.1-api\1.0.0.Final\hibernate-jpa-2.1-api-1.0.0.Final.jar;G:\MavenCx\MavenRepository\org\javassist\javassist\3.22.0-GA\javassist-3.22.0-GA.jar;G:\MavenCx\MavenRepository\antlr\antlr\2.7.7\antlr-2.7.7.jar;G:\MavenCx\MavenRepository\org\jboss\jandex\2.0.3.Final\jandex-2.0.3.Final.jar;G:\MavenCx\MavenRepository\com\fasterxml\classmate\1.3.4\classmate-1.3.4.jar;G:\MavenCx\MavenRepository\dom4j\dom4j\1.6.1\dom4j-1.6.1.jar;G:\MavenCx\MavenRepository\org\hibernate\common\hibernate-commons-annotations\5.0.1.Final\hibernate-commons-annotations-5.0.1.Final.jar;G:\MavenCx\MavenRepository\javax\transaction\javax.transaction-api\1.2\javax.transaction-api-1.2.jar;G:\MavenCx\MavenRepository\org\springframework\data\spring-data-jpa\2.0.5.RELEASE\spring-data-jpa-2.0.5.RELEASE.jar;G:\MavenCx\MavenRepository\org\springframework\data\spring-data-commons\2.0.5.RELEASE\spring-data-commons-2.0.5.RELEASE.jar;G:\MavenCx\MavenRepository\org\springframework\spring-orm\5.0.4.RELEASE\spring-orm-5.0.4.RELEASE.jar;G:\MavenCx\MavenRepository\org\springframework\spring-context\5.0.4.RELEASE\spring-context-5.0.4.RELEASE.jar;G:\MavenCx\MavenRepository\org\springframework\spring-tx\5.0.4.RELEASE\spring-tx-5.0.4.RELEASE.jar;G:\MavenCx\MavenRepository\org\springframework\spring-beans\5.0.4.RELEASE\spring-beans-5.0.4.RELEASE.jar;G:\MavenCx\MavenRepository\org\slf4j\slf4j-api\1.7.25\slf4j-api-1.7.25.jar;G:\MavenCx\MavenRepository\org\springframework\spring-aspects\5.0.4.RELEASE\spring-aspects-5.0.4.RELEASE.jar;G:\MavenCx\MavenRepository\org\springframework\boot\spring-boot-starter-thymeleaf\2.0.0.RELEASE\spring-boot-starter-thymeleaf-2.0.0.RELEASE.jar;G:\MavenCx\MavenRepository\org\thymeleaf\thymeleaf-spring5\3.0.9.RELEASE\thymeleaf-spring5-3.0.9.RELEASE.jar;G:\MavenCx\MavenRepository\org\thymeleaf\thymeleaf\3.0.9.RELEASE\thymeleaf-3.0.9.RELEASE.jar;G:\MavenCx\MavenRepository\org\attoparser\attoparser\2.0.4.RELEASE\attoparser-2.0.4.RELEASE.jar;G:\MavenCx\MavenRepository\org\unbescape\unbescape\1.1.5.RELEASE\unbescape-1.1.5.RELEASE.jar;G:\MavenCx\MavenRepository\org\thymeleaf\extras\thymeleaf-extras-java8time\3.0.1.RELEASE\thymeleaf-extras-java8time-3.0.1.RELEASE.jar;G:\MavenCx\MavenRepository\org\springframework\boot\spring-boot-starter-web\2.0.0.RELEASE\spring-boot-starter-web-2.0.0.RELEASE.jar;G:\MavenCx\MavenRepository\org\springframework\boot\spring-boot-starter-json\2.0.0.RELEASE\spring-boot-starter-json-2.0.0.RELEASE.jar;G:\MavenCx\MavenRepository\com\fasterxml\jackson\core\jackson-databind\2.9.4\jackson-databind-2.9.4.jar;G:\MavenCx\MavenRepository\com\fasterxml\jackson\core\jackson-annotations\2.9.0\jackson-annotations-2.9.0.jar;G:\MavenCx\MavenRepository\com\fasterxml\jackson\core\jackson-core\2.9.4\jackson-core-2.9.4.jar;G:\MavenCx\MavenRepository\com\fasterxml\jackson\datatype\jackson-datatype-jdk8\2.9.4\jackson-datatype-jdk8-2.9.4.jar;G:\MavenCx\MavenRepository\com\fasterxml\jackson\datatype\jackson-datatype-jsr310\2.9.4\jackson-datatype-jsr310-2.9.4.jar;G:\MavenCx\MavenRepository\com\fasterxml\jackson\module\jackson-module-parameter-names\2.9.4\jackson-module-parameter-names-2.9.4.jar;G:\MavenCx\MavenRepository\org\springframework\boot\spring-boot-starter-tomcat\2.0.0.RELEASE\spring-boot-starter-tomcat-2.0.0.RELEASE.jar;G:\MavenCx\MavenRepository\org\apache\tomcat\embed\tomcat-embed-core\8.5.28\tomcat-embed-core-8.5.28.jar;G:\MavenCx\MavenRepository\org\apache\tomcat\embed\tomcat-embed-el\8.5.28\tomcat-embed-el-8.5.28.jar;G:\MavenCx\MavenRepository\org\apache\tomcat\embed\tomcat-embed-websocket\8.5.28\tomcat-embed-websocket-8.5.28.jar;G:\MavenCx\MavenRepository\org\hibernate\validator\hibernate-validator\6.0.7.Final\hibernate-validator-6.0.7.Final.jar;G:\MavenCx\MavenRepository\javax\validation\validation-api\2.0.1.Final\validation-api-2.0.1.Final.jar;G:\MavenCx\MavenRepository\org\springframework\spring-web\5.0.4.RELEASE\spring-web-5.0.4.RELEASE.jar;G:\MavenCx\MavenRepository\org\springframework\spring-webmvc\5.0.4.RELEASE\spring-webmvc-5.0.4.RELEASE.jar;G:\MavenCx\MavenRepository\org\springframework\spring-expression\5.0.4.RELEASE\spring-expression-5.0.4.RELEASE.jar;G:\MavenCx\MavenRepository\mysql\mysql-connector-java\5.1.45\mysql-connector-java-5.1.45.jar;G:\MavenCx\MavenRepository\org\springframework\boot\spring-boot-starter-test\2.0.0.RELEASE\spring-boot-starter-test-2.0.0.RELEASE.jar;G:\MavenCx\MavenRepository\org\springframework\boot\spring-boot-test\2.0.0.RELEASE\spring-boot-test-2.0.0.RELEASE.jar;G:\MavenCx\MavenRepository\org\springframework\boot\spring-boot-test-autoconfigure\2.0.0.RELEASE\spring-boot-test-autoconfigure-2.0.0.RELEASE.jar;G:\MavenCx\MavenRepository\com\jayway\jsonpath\json-path\2.4.0\json-path-2.4.0.jar;G:\MavenCx\MavenRepository\net\minidev\json-smart\2.3\json-smart-2.3.jar;G:\MavenCx\MavenRepository\net\minidev\accessors-smart\1.2\accessors-smart-1.2.jar;G:\MavenCx\MavenRepository\org\ow2\asm\asm\5.0.4\asm-5.0.4.jar;G:\MavenCx\MavenRepository\junit\junit\4.12\junit-4.12.jar;G:\MavenCx\MavenRepository\org\assertj\assertj-core\3.9.1\assertj-core-3.9.1.jar;G:\MavenCx\MavenRepository\org\mockito\mockito-core\2.15.0\mockito-core-2.15.0.jar;G:\MavenCx\MavenRepository\net\bytebuddy\byte-buddy\1.7.10\byte-buddy-1.7.10.jar;G:\MavenCx\MavenRepository\net\bytebuddy\byte-buddy-agent\1.7.10\byte-buddy-agent-1.7.10.jar;G:\MavenCx\MavenRepository\org\objenesis\objenesis\2.6\objenesis-2.6.jar;G:\MavenCx\MavenRepository\org\hamcrest\hamcrest-core\1.3\hamcrest-core-1.3.jar;G:\MavenCx\MavenRepository\org\hamcrest\hamcrest-library\1.3\hamcrest-library-1.3.jar;G:\MavenCx\MavenRepository\org\skyscreamer\jsonassert\1.5.0\jsonassert-1.5.0.jar;G:\MavenCx\MavenRepository\com\vaadin\external\google\android-json\0.0.20131108.vaadin1\android-json-0.0.20131108.vaadin1.jar;G:\MavenCx\MavenRepository\org\springframework\spring-core\5.0.4.RELEASE\spring-core-5.0.4.RELEASE.jar;G:\MavenCx\MavenRepository\org\springframework\spring-jcl\5.0.4.RELEASE\spring-jcl-5.0.4.RELEASE.jar;G:\MavenCx\MavenRepository\org\xmlunit\xmlunit-core\2.5.1\xmlunit-core-2.5.1.jar;G:\MavenCx\MavenRepository\org\springframework\spring-test\5.0.6.RELEASE\spring-test-5.0.6.RELEASE.jar;"/>
    <property name="java.vm.vendor" value="Oracle Corporation"/>
    <property name="sun.arch.data.model" value="64"/>
    <property name="user.variant" value=""/>
    <property name="java.vendor.url" value="http://java.oracle.com/"/>
    <property name="user.timezone" value=""/>
    <property name="java.vm.specification.version" value="1.8"/>
    <property name="os.name" value="Windows 10"/>
    <property name="user.country" value="CN"/>
    <property name="sun.java.launcher" value="SUN_STANDARD"/>
    <property name="sun.boot.library.path" value="C:\Program Files\Java\jdk1.8.0_131\jre\bin"/>
    <property name="sun.java.command" value="C:\Users\ADMINI~1\AppData\Local\Temp\surefire7459403333191659564\surefirebooter4670468338795118502.jar C:\Users\Administrator\AppData\Local\Temp\surefire7459403333191659564 2018-05-26T15-47-35_191-jvmRun1 surefire7808503763808086318tmp surefire_03745280462109062519tmp"/>
    <property name="surefire.test.class.path" value="G:\Java\web_facial\target\test-classes;G:\Java\web_facial\target\classes;G:\MavenCx\MavenRepository\com\alibaba\fastjson\1.2.35\fastjson-1.2.35.jar;G:\MavenCx\MavenRepository\org\springframework\boot\spring-boot-starter-data-jpa\2.0.0.RELEASE\spring-boot-starter-data-jpa-2.0.0.RELEASE.jar;G:\MavenCx\MavenRepository\org\springframework\boot\spring-boot-starter\2.0.0.RELEASE\spring-boot-starter-2.0.0.RELEASE.jar;G:\MavenCx\MavenRepository\org\springframework\boot\spring-boot\2.0.0.RELEASE\spring-boot-2.0.0.RELEASE.jar;G:\MavenCx\MavenRepository\org\springframework\boot\spring-boot-autoconfigure\2.0.0.RELEASE\spring-boot-autoconfigure-2.0.0.RELEASE.jar;G:\MavenCx\MavenRepository\org\springframework\boot\spring-boot-starter-logging\2.0.0.RELEASE\spring-boot-starter-logging-2.0.0.RELEASE.jar;G:\MavenCx\MavenRepository\ch\qos\logback\logback-classic\1.2.3\logback-classic-1.2.3.jar;G:\MavenCx\MavenRepository\ch\qos\logback\logback-core\1.2.3\logback-core-1.2.3.jar;G:\MavenCx\MavenRepository\org\apache\logging\log4j\log4j-to-slf4j\2.10.0\log4j-to-slf4j-2.10.0.jar;G:\MavenCx\MavenRepository\org\apache\logging\log4j\log4j-api\2.10.0\log4j-api-2.10.0.jar;G:\MavenCx\MavenRepository\org\slf4j\jul-to-slf4j\1.7.25\jul-to-slf4j-1.7.25.jar;G:\MavenCx\MavenRepository\javax\annotation\javax.annotation-api\1.3.2\javax.annotation-api-1.3.2.jar;G:\MavenCx\MavenRepository\org\yaml\snakeyaml\1.19\snakeyaml-1.19.jar;G:\MavenCx\MavenRepository\org\springframework\boot\spring-boot-starter-aop\2.0.0.RELEASE\spring-boot-starter-aop-2.0.0.RELEASE.jar;G:\MavenCx\MavenRepository\org\springframework\spring-aop\5.0.4.RELEASE\spring-aop-5.0.4.RELEASE.jar;G:\MavenCx\MavenRepository\org\aspectj\aspectjweaver\1.8.13\aspectjweaver-1.8.13.jar;G:\MavenCx\MavenRepository\org\springframework\boot\spring-boot-starter-jdbc\2.0.0.RELEASE\spring-boot-starter-jdbc-2.0.0.RELEASE.jar;G:\MavenCx\MavenRepository\com\zaxxer\HikariCP\2.7.8\HikariCP-2.7.8.jar;G:\MavenCx\MavenRepository\org\springframework\spring-jdbc\5.0.4.RELEASE\spring-jdbc-5.0.4.RELEASE.jar;G:\MavenCx\MavenRepository\org\hibernate\hibernate-core\5.2.14.Final\hibernate-core-5.2.14.Final.jar;G:\MavenCx\MavenRepository\org\jboss\logging\jboss-logging\3.3.2.Final\jboss-logging-3.3.2.Final.jar;G:\MavenCx\MavenRepository\org\hibernate\javax\persistence\hibernate-jpa-2.1-api\1.0.0.Final\hibernate-jpa-2.1-api-1.0.0.Final.jar;G:\MavenCx\MavenRepository\org\javassist\javassist\3.22.0-GA\javassist-3.22.0-GA.jar;G:\MavenCx\MavenRepository\antlr\antlr\2.7.7\antlr-2.7.7.jar;G:\MavenCx\MavenRepository\org\jboss\jandex\2.0.3.Final\jandex-2.0.3.Final.jar;G:\MavenCx\MavenRepository\com\fasterxml\classmate\1.3.4\classmate-1.3.4.jar;G:\MavenCx\MavenRepository\dom4j\dom4j\1.6.1\dom4j-1.6.1.jar;G:\MavenCx\MavenRepository\org\hibernate\common\hibernate-commons-annotations\5.0.1.Final\hibernate-commons-annotations-5.0.1.Final.jar;G:\MavenCx\MavenRepository\javax\transaction\javax.transaction-api\1.2\javax.transaction-api-1.2.jar;G:\MavenCx\MavenRepository\org\springframework\data\spring-data-jpa\2.0.5.RELEASE\spring-data-jpa-2.0.5.RELEASE.jar;G:\MavenCx\MavenRepository\org\springframework\data\spring-data-commons\2.0.5.RELEASE\spring-data-commons-2.0.5.RELEASE.jar;G:\MavenCx\MavenRepository\org\springframework\spring-orm\5.0.4.RELEASE\spring-orm-5.0.4.RELEASE.jar;G:\MavenCx\MavenRepository\org\springframework\spring-context\5.0.4.RELEASE\spring-context-5.0.4.RELEASE.jar;G:\MavenCx\MavenRepository\org\springframework\spring-tx\5.0.4.RELEASE\spring-tx-5.0.4.RELEASE.jar;G:\MavenCx\MavenRepository\org\springframework\spring-beans\5.0.4.RELEASE\spring-beans-5.0.4.RELEASE.jar;G:\MavenCx\MavenRepository\org\slf4j\slf4j-api\1.7.25\slf4j-api-1.7.25.jar;G:\MavenCx\MavenRepository\org\springframework\spring-aspects\5.0.4.RELEASE\spring-aspects-5.0.4.RELEASE.jar;G:\MavenCx\MavenRepository\org\springframework\boot\spring-boot-starter-thymeleaf\2.0.0.RELEASE\spring-boot-starter-thymeleaf-2.0.0.RELEASE.jar;G:\MavenCx\MavenRepository\org\thymeleaf\thymeleaf-spring5\3.0.9.RELEASE\thymeleaf-spring5-3.0.9.RELEASE.jar;G:\MavenCx\MavenRepository\org\thymeleaf\thymeleaf\3.0.9.RELEASE\thymeleaf-3.0.9.RELEASE.jar;G:\MavenCx\MavenRepository\org\attoparser\attoparser\2.0.4.RELEASE\attoparser-2.0.4.RELEASE.jar;G:\MavenCx\MavenRepository\org\unbescape\unbescape\1.1.5.RELEASE\unbescape-1.1.5.RELEASE.jar;G:\MavenCx\MavenRepository\org\thymeleaf\extras\thymeleaf-extras-java8time\3.0.1.RELEASE\thymeleaf-extras-java8time-3.0.1.RELEASE.jar;G:\MavenCx\MavenRepository\org\springframework\boot\spring-boot-starter-web\2.0.0.RELEASE\spring-boot-starter-web-2.0.0.RELEASE.jar;G:\MavenCx\MavenRepository\org\springframework\boot\spring-boot-starter-json\2.0.0.RELEASE\spring-boot-starter-json-2.0.0.RELEASE.jar;G:\MavenCx\MavenRepository\com\fasterxml\jackson\core\jackson-databind\2.9.4\jackson-databind-2.9.4.jar;G:\MavenCx\MavenRepository\com\fasterxml\jackson\core\jackson-annotations\2.9.0\jackson-annotations-2.9.0.jar;G:\MavenCx\MavenRepository\com\fasterxml\jackson\core\jackson-core\2.9.4\jackson-core-2.9.4.jar;G:\MavenCx\MavenRepository\com\fasterxml\jackson\datatype\jackson-datatype-jdk8\2.9.4\jackson-datatype-jdk8-2.9.4.jar;G:\MavenCx\MavenRepository\com\fasterxml\jackson\datatype\jackson-datatype-jsr310\2.9.4\jackson-datatype-jsr310-2.9.4.jar;G:\MavenCx\MavenRepository\com\fasterxml\jackson\module\jackson-module-parameter-names\2.9.4\jackson-module-parameter-names-2.9.4.jar;G:\MavenCx\MavenRepository\org\springframework\boot\spring-boot-starter-tomcat\2.0.0.RELEASE\spring-boot-starter-tomcat-2.0.0.RELEASE.jar;G:\MavenCx\MavenRepository\org\apache\tomcat\embed\tomcat-embed-core\8.5.28\tomcat-embed-core-8.5.28.jar;G:\MavenCx\MavenRepository\org\apache\tomcat\embed\tomcat-embed-el\8.5.28\tomcat-embed-el-8.5.28.jar;G:\MavenCx\MavenRepository\org\apache\tomcat\embed\tomcat-embed-websocket\8.5.28\tomcat-embed-websocket-8.5.28.jar;G:\MavenCx\MavenRepository\org\hibernate\validator\hibernate-validator\6.0.7.Final\hibernate-validator-6.0.7.Final.jar;G:\MavenCx\MavenRepository\javax\validation\validation-api\2.0.1.Final\validation-api-2.0.1.Final.jar;G:\MavenCx\MavenRepository\org\springframework\spring-web\5.0.4.RELEASE\spring-web-5.0.4.RELEASE.jar;G:\MavenCx\MavenRepository\org\springframework\spring-webmvc\5.0.4.RELEASE\spring-webmvc-5.0.4.RELEASE.jar;G:\MavenCx\MavenRepository\org\springframework\spring-expression\5.0.4.RELEASE\spring-expression-5.0.4.RELEASE.jar;G:\MavenCx\MavenRepository\mysql\mysql-connector-java\5.1.45\mysql-connector-java-5.1.45.jar;G:\MavenCx\MavenRepository\org\springframework\boot\spring-boot-starter-test\2.0.0.RELEASE\spring-boot-starter-test-2.0.0.RELEASE.jar;G:\MavenCx\MavenRepository\org\springframework\boot\spring-boot-test\2.0.0.RELEASE\spring-boot-test-2.0.0.RELEASE.jar;G:\MavenCx\MavenRepository\org\springframework\boot\spring-boot-test-autoconfigure\2.0.0.RELEASE\spring-boot-test-autoconfigure-2.0.0.RELEASE.jar;G:\MavenCx\MavenRepository\com\jayway\jsonpath\json-path\2.4.0\json-path-2.4.0.jar;G:\MavenCx\MavenRepository\net\minidev\json-smart\2.3\json-smart-2.3.jar;G:\MavenCx\MavenRepository\net\minidev\accessors-smart\1.2\accessors-smart-1.2.jar;G:\MavenCx\MavenRepository\org\ow2\asm\asm\5.0.4\asm-5.0.4.jar;G:\MavenCx\MavenRepository\junit\junit\4.12\junit-4.12.jar;G:\MavenCx\MavenRepository\org\assertj\assertj-core\3.9.1\assertj-core-3.9.1.jar;G:\MavenCx\MavenRepository\org\mockito\mockito-core\2.15.0\mockito-core-2.15.0.jar;G:\MavenCx\MavenRepository\net\bytebuddy\byte-buddy\1.7.10\byte-buddy-1.7.10.jar;G:\MavenCx\MavenRepository\net\bytebuddy\byte-buddy-agent\1.7.10\byte-buddy-agent-1.7.10.jar;G:\MavenCx\MavenRepository\org\objenesis\objenesis\2.6\objenesis-2.6.jar;G:\MavenCx\MavenRepository\org\hamcrest\hamcrest-core\1.3\hamcrest-core-1.3.jar;G:\MavenCx\MavenRepository\org\hamcrest\hamcrest-library\1.3\hamcrest-library-1.3.jar;G:\MavenCx\MavenRepository\org\skyscreamer\jsonassert\1.5.0\jsonassert-1.5.0.jar;G:\MavenCx\MavenRepository\com\vaadin\external\google\android-json\0.0.20131108.vaadin1\android-json-0.0.20131108.vaadin1.jar;G:\MavenCx\MavenRepository\org\springframework\spring-core\5.0.4.RELEASE\spring-core-5.0.4.RELEASE.jar;G:\MavenCx\MavenRepository\org\springframework\spring-jcl\5.0.4.RELEASE\spring-jcl-5.0.4.RELEASE.jar;G:\MavenCx\MavenRepository\org\xmlunit\xmlunit-core\2.5.1\xmlunit-core-2.5.1.jar;G:\MavenCx\MavenRepository\org\springframework\spring-test\5.0.6.RELEASE\spring-test-5.0.6.RELEASE.jar;"/>
    <property name="sun.cpu.endian" value="little"/>
    <property name="user.home" value="C:\Users\Administrator"/>
    <property name="user.language" value="zh"/>
    <property name="java.specification.vendor" value="Oracle Corporation"/>
    <property name="java.home" value="C:\Program Files\Java\jdk1.8.0_131\jre"/>
    <property name="basedir" value="G:\Java\web_facial"/>
    <property name="file.separator" value="\"/>
    <property name="line.separator" value="&#10;"/>
    <property name="java.vm.specification.vendor" value="Oracle Corporation"/>
    <property name="java.specification.name" value="Java Platform API Specification"/>
    <property name="java.awt.graphicsenv" value="sun.awt.Win32GraphicsEnvironment"/>
    <property name="surefire.real.class.path" value="C:\Users\ADMINI~1\AppData\Local\Temp\surefire7459403333191659564\surefirebooter4670468338795118502.jar"/>
    <property name="sun.boot.class.path" value="C:\Program Files\Java\jdk1.8.0_131\jre\lib\resources.jar;C:\Program Files\Java\jdk1.8.0_131\jre\lib\rt.jar;C:\Program Files\Java\jdk1.8.0_131\jre\lib\sunrsasign.jar;C:\Program Files\Java\jdk1.8.0_131\jre\lib\jsse.jar;C:\Program Files\Java\jdk1.8.0_131\jre\lib\jce.jar;C:\Program Files\Java\jdk1.8.0_131\jre\lib\charsets.jar;C:\Program Files\Java\jdk1.8.0_131\jre\lib\jfr.jar;C:\Program Files\Java\jdk1.8.0_131\jre\classes"/>
    <property name="user.script" value=""/>
    <property name="sun.management.compiler" value="HotSpot 64-Bit Tiered Compilers"/>
    <property name="java.runtime.version" value="1.8.0_131-b11"/>
    <property name="user.name" value="Administrator"/>
    <property name="path.separator" value=";"/>
    <property name="os.version" value="10.0"/>
    <property name="java.endorsed.dirs" value="C:\Program Files\Java\jdk1.8.0_131\jre\lib\endorsed"/>
    <property name="java.runtime.name" value="Java(TM) SE Runtime Environment"/>
    <property name="file.encoding" value="GBK"/>
    <property name="java.vm.name" value="Java HotSpot(TM) 64-Bit Server VM"/>
    <property name="localRepository" value="G:\MavenCx\MavenRepository"/>
    <property name="java.vendor.url.bug" value="http://bugreport.sun.com/bugreport/"/>
    <property name="java.io.tmpdir" value="C:\Users\ADMINI~1\AppData\Local\Temp\"/>
    <property name="idea.version" value="2017.3.1"/>
    <property name="java.version" value="1.8.0_131"/>
    <property name="user.dir" value="G:\Java\web_facial"/>
    <property name="os.arch" value="amd64"/>
    <property name="java.vm.specification.name" value="Java Virtual Machine Specification"/>
    <property name="java.awt.printerjob" value="sun.awt.windows.WPrinterJob"/>
    <property name="sun.os.patch.level" value=""/>
    <property name="java.library.path" value="C:\Program Files\Java\jdk1.8.0_131\jre\bin;C:\WINDOWS\Sun\Java\bin;C:\WINDOWS\system32;C:\WINDOWS;C:\Program Files (x86)\Common Files\NetSarang;C:\ProgramData\Oracle\Java\javapath;C:\WINDOWS\system32;C:\WINDOWS;C:\WINDOWS\System32\Wbem;C:\WINDOWS\System32\WindowsPowerShell\v1.0\;G:\SQL Sever 2012\共享功能目录(S)\110\DTS\Binn\;C:\Pr;gram Files\nodejs\;C:\Program Files\MySQL\MySQL Utilities 1.6\;G:\apache-maven-3.5.0\bin;C:\Program Files\TortoiseGit\bin;USERPROFILE%\AppData\Local\Microsoft\WindowsApps;C:\Users\Administrator\AppData\Roaming\npm;G:\MavenCx\apache-maven-3.5.2\bin;G:\android-sdk-windows\tools;G:\android-sdk-windows\platform-tools;C:\Users\Administrator\AppData\Local\Microsoft\WindowsApps;;."/>
    <property name="java.vm.info" value="mixed mode"/>
    <property name="java.vendor" value="Oracle Corporation"/>
    <property name="java.vm.version" value="25.131-b11"/>
    <property name="java.ext.dirs" value="C:\Program Files\Java\jdk1.8.0_131\jre\lib\ext;C:\WINDOWS\Sun\Java\lib\ext"/>
    <property name="sun.io.unicode.encoding" value="UnicodeLittle"/>
    <property name="java.class.version" value="52.0"/>
  </properties>
  <testcase name="contextLoads" classname="com.chuxiao.web_facial.WebFacialApplicationTests" time="0.97"/>
</testsuite>